2024-01-25 16:18:32,697 INFO  [Log] Application opened 
2024-01-25 16:18:34,405 INFO  [Log] Login Successfully 
2024-01-25 16:18:34,772 INFO  [Log] Logout Successfully 
2024-01-25 16:18:35,644 INFO  [Log] Application Closed 
2024-01-25 16:44:22,492 INFO  [Log] Application opened 
2024-01-25 16:44:27,046 INFO  [Log] Login Successfully 
2024-01-25 16:44:30,117 INFO  [Log] Enter into frame successfully 
2024-01-25 16:44:36,064 INFO  [Log] Add Employee Successfully 
2024-01-25 16:44:39,090 INFO  [Log] Exit frame Successfully 
2024-01-25 16:44:42,599 INFO  [Log] Logout Successfully 
2024-01-25 16:44:46,587 INFO  [Log] Application Closed 
2024-01-25 16:45:18,104 INFO  [Log] Application opened 
2024-01-25 16:45:22,418 INFO  [Log] Login Successfully 
2024-01-25 16:45:25,484 INFO  [Log] Enter into frame successfully 
2024-01-25 16:45:31,690 INFO  [Log] Add Employee Successfully 
2024-01-25 16:45:34,706 INFO  [Log] Exit frame Successfully 
2024-01-25 16:45:37,737 INFO  [Log] Enter into frame successfully 
2024-01-25 16:45:42,202 INFO  [Log] Add Employee Successfully 
2024-01-25 16:45:45,214 INFO  [Log] Exit frame Successfully 
2024-01-25 16:45:48,593 INFO  [Log] Logout Successfully 
2024-01-25 16:45:52,575 INFO  [Log] Application Closed 
2024-01-25 16:46:46,798 INFO  [Log] Application opened 
2024-01-25 16:46:47,408 INFO  [Log] Login Successfully 
2024-01-25 16:46:47,630 INFO  [Log] Logout Successfully 
2024-01-25 16:46:48,585 INFO  [Log] Application Closed 
2024-01-25 16:46:51,594 INFO  [Log] Application opened 
2024-01-25 16:46:55,803 INFO  [Log] Login Successfully 
2024-01-25 16:47:02,774 INFO  [Log] Application opened 
2024-01-25 16:47:07,340 INFO  [Log] Login Successfully 
2024-01-25 16:47:10,370 INFO  [Log] Enter into frame successfully 
2024-01-25 16:47:16,255 INFO  [Log] Add Employee Successfully 
2024-01-25 16:47:19,279 INFO  [Log] Exit frame Successfully 
2024-01-25 16:47:22,611 INFO  [Log] Logout Successfully 
2024-01-25 16:47:26,478 INFO  [Log] Application Closed 
2024-01-25 16:47:32,344 INFO  [Log] Application opened 
2024-01-25 16:47:36,649 INFO  [Log] Login Successfully 
2024-01-25 16:47:39,680 INFO  [Log] Enter into frame successfully 
2024-01-25 16:47:57,871 INFO  [Log] Add Employee Successfully 
2024-01-25 16:48:00,880 INFO  [Log] Exit frame Successfully 
2024-01-25 16:48:03,917 INFO  [Log] Enter into frame successfully 
2024-01-25 16:48:08,828 INFO  [Log] Add Employee Successfully 
2024-01-25 16:48:11,847 INFO  [Log] Exit frame Successfully 
2024-01-25 16:48:15,301 INFO  [Log] Logout Successfully 
2024-01-25 16:48:19,589 INFO  [Log] Application Closed 
2024-01-25 16:52:25,866 INFO  [Log] Application opened 
2024-01-25 16:52:30,062 INFO  [Log] Login Successfully 
2024-01-25 16:53:59,725 INFO  [Log] Application opened 
2024-01-25 16:54:04,096 INFO  [Log] Login Successfully 
2024-01-25 16:54:08,937 INFO  [Log] Delete Employee Successful 
2024-01-25 16:54:12,246 INFO  [Log] Logout Successfully 
2024-01-25 16:54:15,221 INFO  [Log] Application Closed 
2024-01-26 14:47:03,274 INFO  [Log] Application opened 
2024-01-26 14:47:04,142 INFO  [Log] Login Successfully 
2024-01-26 14:47:04,431 INFO  [Log] Logout Successfully 
2024-01-26 14:47:05,434 INFO  [Log] Application Closed 
2024-01-26 14:47:29,440 INFO  [Log] Application opened 
2024-01-26 14:47:33,895 INFO  [Log] Login Successfully 
2024-01-26 14:47:36,954 INFO  [Log] Enter into frame successfully 
2024-01-26 14:47:42,678 INFO  [Log] Add Employee Successfully 
2024-01-26 14:47:45,695 INFO  [Log] Exit frame Successfully 
2024-01-26 14:47:48,971 INFO  [Log] Logout Successfully 
2024-01-26 14:47:52,823 INFO  [Log] Application Closed 
2024-01-26 15:01:03,105 INFO  [Log] Application opened 
2024-01-26 15:01:04,025 INFO  [Log] Login Successfully 
2024-01-26 15:01:04,375 INFO  [Log] Logout Successfully 
2024-01-26 15:01:05,368 INFO  [Log] Application Closed 
2024-01-26 15:01:08,702 INFO  [Log] Application opened 
2024-01-26 15:01:13,087 INFO  [Log] Login Successfully 
2024-01-26 15:01:20,078 INFO  [Log] Application opened 
2024-01-26 15:01:24,136 INFO  [Log] Login Successfully 
2024-01-26 15:01:27,184 INFO  [Log] Enter into frame successfully 
2024-01-26 15:01:32,730 INFO  [Log] Add Employee Successfully 
2024-01-26 15:01:35,747 INFO  [Log] Exit frame Successfully 
2024-01-26 15:01:39,229 INFO  [Log] Logout Successfully 
2024-01-26 15:01:43,435 INFO  [Log] Application Closed 
2024-01-26 15:01:49,762 INFO  [Log] Application opened 
2024-01-26 15:01:53,958 INFO  [Log] Login Successfully 
2024-01-26 15:01:56,999 INFO  [Log] Enter into frame successfully 
2024-01-26 15:02:02,586 INFO  [Log] Add Employee Successfully 
2024-01-26 15:02:05,600 INFO  [Log] Exit frame Successfully 
2024-01-26 15:02:08,630 INFO  [Log] Enter into frame successfully 
2024-01-26 15:02:13,034 INFO  [Log] Add Employee Successfully 
2024-01-26 15:02:16,068 INFO  [Log] Exit frame Successfully 
2024-01-26 15:02:19,408 INFO  [Log] Logout Successfully 
2024-01-26 15:02:23,624 INFO  [Log] Application Closed 
2024-01-26 15:05:34,864 INFO  [Log] Application opened 
2024-01-26 15:05:36,017 INFO  [Log] Login Successfully 
2024-01-26 15:05:36,415 INFO  [Log] Logout Successfully 
2024-01-26 15:05:37,487 INFO  [Log] Application Closed 
2024-01-26 15:05:41,150 INFO  [Log] Application opened 
2024-01-26 15:05:45,847 INFO  [Log] Login Successfully 
2024-01-26 15:05:52,794 INFO  [Log] Application opened 
2024-01-26 15:05:57,057 INFO  [Log] Login Successfully 
2024-01-26 15:06:00,077 INFO  [Log] Enter into frame successfully 
2024-01-26 15:06:05,947 INFO  [Log] Add Employee Successfully 
2024-01-26 15:06:08,971 INFO  [Log] Exit frame Successfully 
2024-01-26 15:06:12,278 INFO  [Log] Logout Successfully 
2024-01-26 15:06:16,128 INFO  [Log] Application Closed 
2024-01-26 15:06:22,284 INFO  [Log] Application opened 
2024-01-26 15:06:27,456 INFO  [Log] Login Successfully 
2024-01-26 15:06:30,483 INFO  [Log] Enter into frame successfully 
2024-01-26 15:06:38,126 INFO  [Log] Add Employee Successfully 
2024-01-26 15:06:41,135 INFO  [Log] Exit frame Successfully 
2024-01-26 15:06:44,162 INFO  [Log] Enter into frame successfully 
2024-01-26 15:06:48,995 INFO  [Log] Add Employee Successfully 
2024-01-26 15:06:52,005 INFO  [Log] Exit frame Successfully 
2024-01-26 15:06:55,431 INFO  [Log] Logout Successfully 
2024-01-26 15:06:59,226 INFO  [Log] Application Closed 
2024-01-26 16:14:54,562 INFO  [Log] Application opened 
2024-01-26 16:14:55,603 INFO  [Log] Login Successfully 
2024-01-26 16:14:55,956 INFO  [Log] Logout Successfully 
2024-01-26 16:14:56,917 INFO  [Log] Application Closed 
2024-01-26 16:15:00,283 INFO  [Log] Application opened 
2024-01-26 16:16:21,180 INFO  [Log] Application opened 
2024-01-26 16:16:21,821 INFO  [Log] Login Successfully 
2024-01-26 16:16:22,111 INFO  [Log] Logout Successfully 
2024-01-26 16:16:23,243 INFO  [Log] Application Closed 
2024-01-26 16:16:25,803 INFO  [Log] Application opened 
2024-01-26 16:16:30,430 INFO  [Log] Login Successfully 
2024-01-26 16:16:36,426 INFO  [Log] Application opened 
2024-01-26 16:16:40,689 INFO  [Log] Login Successfully 
2024-01-26 16:16:43,708 INFO  [Log] Enter into frame successfully 
2024-01-26 16:16:49,340 INFO  [Log] Add Employee Successfully 
2024-01-26 16:16:52,354 INFO  [Log] Exit frame Successfully 
2024-01-26 16:16:55,726 INFO  [Log] Logout Successfully 
2024-01-26 16:16:59,921 INFO  [Log] Application Closed 
2024-01-26 16:17:05,468 INFO  [Log] Application opened 
2024-01-26 16:17:09,837 INFO  [Log] Login Successfully 
2024-01-26 16:17:12,863 INFO  [Log] Enter into frame successfully 
2024-01-26 16:17:18,739 INFO  [Log] Add Employee Successfully 
2024-01-26 16:17:21,759 INFO  [Log] Exit frame Successfully 
2024-01-26 16:17:24,796 INFO  [Log] Enter into frame successfully 
2024-01-26 16:17:29,196 INFO  [Log] Add Employee Successfully 
2024-01-26 16:17:32,229 INFO  [Log] Exit frame Successfully 
2024-01-26 16:17:35,571 INFO  [Log] Logout Successfully 
2024-01-26 16:17:39,524 INFO  [Log] Application Closed 
2024-01-26 16:18:52,094 INFO  [Log] Application opened 
2024-01-26 16:18:52,738 INFO  [Log] Login Successfully 
2024-01-26 16:18:52,986 INFO  [Log] Logout Successfully 
2024-01-26 16:18:54,131 INFO  [Log] Application Closed 
2024-01-26 16:18:56,947 INFO  [Log] Application opened 
2024-01-26 16:19:01,449 INFO  [Log] Login Successfully 
2024-01-26 16:19:07,821 INFO  [Log] Application opened 
2024-01-26 16:19:12,316 INFO  [Log] Login Successfully 
2024-01-26 16:19:15,348 INFO  [Log] Enter into frame successfully 
2024-01-26 16:19:21,078 INFO  [Log] Add Employee Successfully 
2024-01-26 16:19:24,083 INFO  [Log] Exit frame Successfully 
2024-01-26 16:19:27,832 INFO  [Log] Logout Successfully 
2024-01-26 16:19:33,459 INFO  [Log] Application Closed 
2024-01-26 16:19:44,692 INFO  [Log] Application opened 
2024-01-26 16:19:53,108 INFO  [Log] Login Successfully 
2024-01-26 16:19:56,150 INFO  [Log] Enter into frame successfully 
2024-01-26 16:20:02,909 INFO  [Log] Add Employee Successfully 
2024-01-26 16:20:05,921 INFO  [Log] Exit frame Successfully 
2024-01-26 16:20:08,961 INFO  [Log] Enter into frame successfully 
2024-01-26 16:20:16,366 INFO  [Log] Add Employee Successfully 
2024-01-26 16:20:19,393 INFO  [Log] Exit frame Successfully 
2024-01-26 16:20:23,098 INFO  [Log] Logout Successfully 
2024-01-26 16:20:28,066 INFO  [Log] Application Closed 
2024-01-26 16:20:37,343 INFO  [Log] Application opened 
2024-01-26 16:20:38,780 INFO  [Log] Login Successfully 
2024-01-26 16:20:39,219 INFO  [Log] Logout Successfully 
2024-01-26 16:20:41,364 INFO  [Log] Application Closed 
2024-01-26 16:20:46,070 INFO  [Log] Application opened 
2024-01-26 16:20:50,630 INFO  [Log] Login Successfully 
2024-01-26 16:20:59,367 INFO  [Log] Application opened 
2024-01-26 16:21:03,630 INFO  [Log] Login Successfully 
2024-01-26 16:21:06,674 INFO  [Log] Enter into frame successfully 
2024-01-26 16:21:12,773 INFO  [Log] Add Employee Successfully 
2024-01-26 16:21:15,790 INFO  [Log] Exit frame Successfully 
2024-01-26 16:21:19,360 INFO  [Log] Logout Successfully 
2024-01-26 16:21:24,308 INFO  [Log] Application Closed 
2024-01-26 16:21:33,507 INFO  [Log] Application opened 
2024-01-26 16:21:37,853 INFO  [Log] Login Successfully 
2024-01-26 16:21:40,876 INFO  [Log] Enter into frame successfully 
2024-01-26 16:21:47,266 INFO  [Log] Add Employee Successfully 
2024-01-26 16:21:50,296 INFO  [Log] Exit frame Successfully 
2024-01-26 16:21:53,324 INFO  [Log] Enter into frame successfully 
2024-01-26 16:21:58,650 INFO  [Log] Add Employee Successfully 
2024-01-26 16:22:01,661 INFO  [Log] Exit frame Successfully 
2024-01-26 16:22:05,325 INFO  [Log] Logout Successfully 
2024-01-26 16:22:10,845 INFO  [Log] Application Closed 
2024-01-26 16:26:08,394 INFO  [Log] Application opened 
2024-01-26 16:26:09,981 INFO  [Log] Login Successfully 
2024-01-26 16:26:10,579 INFO  [Log] Logout Successfully 
2024-01-26 16:26:12,512 INFO  [Log] Application Closed 
2024-01-26 16:26:18,531 INFO  [Log] Application opened 
2024-01-26 16:26:23,279 INFO  [Log] Login Successfully 
2024-01-26 16:26:28,402 INFO  [Log] Delete Employee Successful 
2024-01-26 16:26:32,328 INFO  [Log] Logout Successfully 
2024-01-26 16:26:36,387 INFO  [Log] Application Closed 
2024-01-26 16:26:44,275 INFO  [Log] Application opened 
2024-01-26 16:26:52,263 INFO  [Log] Login Successfully 
2024-01-26 16:26:55,306 INFO  [Log] Enter into frame successfully 
2024-01-26 16:27:01,945 INFO  [Log] Add Employee Successfully 
2024-01-26 16:27:04,961 INFO  [Log] Exit frame Successfully 
2024-01-26 16:27:08,310 INFO  [Log] Logout Successfully 
2024-01-26 16:27:13,823 INFO  [Log] Application Closed 
2024-01-26 16:27:22,930 INFO  [Log] Application opened 
2024-01-26 16:27:28,170 INFO  [Log] Login Successfully 
2024-01-26 16:27:31,211 INFO  [Log] Enter into frame successfully 
2024-01-26 16:27:37,665 INFO  [Log] Add Employee Successfully 
2024-01-26 16:27:40,678 INFO  [Log] Exit frame Successfully 
2024-01-26 16:27:43,712 INFO  [Log] Enter into frame successfully 
2024-01-26 16:27:49,453 INFO  [Log] Add Employee Successfully 
2024-01-26 16:27:52,468 INFO  [Log] Exit frame Successfully 
2024-01-26 16:27:56,017 INFO  [Log] Logout Successfully 
2024-01-26 16:28:00,991 INFO  [Log] Application Closed 
2024-01-26 16:28:10,527 INFO  [Log] Application opened 
2024-01-26 16:28:11,958 INFO  [Log] Login Successfully 
2024-01-26 16:28:12,468 INFO  [Log] Logout Successfully 
2024-01-26 16:28:14,239 INFO  [Log] Application Closed 
2024-01-26 16:28:19,894 INFO  [Log] Application opened 
2024-01-26 16:28:24,451 INFO  [Log] Login Successfully 
2024-01-26 16:28:35,973 INFO  [Log] Application opened 
2024-01-26 16:28:40,419 INFO  [Log] Login Successfully 
2024-01-26 16:28:43,462 INFO  [Log] Enter into frame successfully 
2024-01-26 16:28:50,167 INFO  [Log] Add Employee Successfully 
2024-01-26 16:28:53,203 INFO  [Log] Exit frame Successfully 
2024-01-26 16:28:56,736 INFO  [Log] Logout Successfully 
2024-01-26 16:29:02,076 INFO  [Log] Application Closed 
2024-01-26 16:29:11,588 INFO  [Log] Application opened 
2024-01-26 16:29:15,791 INFO  [Log] Login Successfully 
2024-01-26 16:29:18,829 INFO  [Log] Enter into frame successfully 
2024-01-26 16:29:24,889 INFO  [Log] Add Employee Successfully 
2024-01-26 16:29:27,907 INFO  [Log] Exit frame Successfully 
2024-01-26 16:29:30,940 INFO  [Log] Enter into frame successfully 
2024-01-26 16:29:37,445 INFO  [Log] Add Employee Successfully 
2024-01-26 16:29:40,465 INFO  [Log] Exit frame Successfully 
2024-01-26 16:29:43,778 INFO  [Log] Logout Successfully 
2024-01-26 16:29:48,649 INFO  [Log] Application Closed 
2024-01-26 16:33:33,524 INFO  [Log] Application opened 
2024-01-26 16:33:35,138 INFO  [Log] Login Successfully 
2024-01-26 16:33:35,694 INFO  [Log] Logout Successfully 
2024-01-26 16:33:37,209 INFO  [Log] Application Closed 
2024-01-26 16:33:42,454 INFO  [Log] Application opened 
2024-01-26 16:33:46,875 INFO  [Log] Login Successfully 
2024-01-26 16:33:56,474 INFO  [Log] Application opened 
2024-01-26 16:34:00,786 INFO  [Log] Login Successfully 
2024-01-26 16:34:03,810 INFO  [Log] Enter into frame successfully 
2024-01-26 16:34:10,222 INFO  [Log] Add Employee Successfully 
2024-01-26 16:34:13,252 INFO  [Log] Exit frame Successfully 
2024-01-26 16:34:16,779 INFO  [Log] Logout Successfully 
2024-01-26 16:34:22,430 INFO  [Log] Application Closed 
2024-01-26 16:34:33,908 INFO  [Log] Application opened 
2024-01-26 16:34:38,395 INFO  [Log] Login Successfully 
2024-01-26 16:34:41,446 INFO  [Log] Enter into frame successfully 
2024-01-26 16:34:47,860 INFO  [Log] Add Employee Successfully 
2024-01-26 16:34:50,878 INFO  [Log] Exit frame Successfully 
2024-01-26 16:34:53,907 INFO  [Log] Enter into frame successfully 
2024-01-26 16:34:59,096 INFO  [Log] Add Employee Successfully 
2024-01-26 16:35:02,115 INFO  [Log] Exit frame Successfully 
2024-01-26 16:35:05,468 INFO  [Log] Logout Successfully 
2024-01-26 16:35:11,310 INFO  [Log] Application Closed 
2024-01-26 16:36:27,557 INFO  [Log] Application opened 
2024-01-26 16:36:29,037 INFO  [Log] Login Successfully 
2024-01-26 16:36:29,608 INFO  [Log] Logout Successfully 
2024-01-26 16:36:31,139 INFO  [Log] Application Closed 
2024-01-26 16:36:36,989 INFO  [Log] Application opened 
2024-01-26 16:36:41,501 INFO  [Log] Login Successfully 
2024-01-26 16:36:51,368 INFO  [Log] Application opened 
2024-01-26 16:36:56,024 INFO  [Log] Login Successfully 
2024-01-26 16:36:59,067 INFO  [Log] Enter into frame successfully 
2024-01-26 16:37:05,437 INFO  [Log] Add Employee Successfully 
2024-01-26 16:37:08,465 INFO  [Log] Exit frame Successfully 
2024-01-26 16:37:11,998 INFO  [Log] Logout Successfully 
2024-01-26 16:37:16,367 INFO  [Log] Application Closed 
2024-01-26 16:37:24,584 INFO  [Log] Application opened 
2024-01-26 16:37:28,847 INFO  [Log] Login Successfully 
2024-01-26 16:37:31,886 INFO  [Log] Enter into frame successfully 
2024-01-26 16:37:38,093 INFO  [Log] Add Employee Successfully 
2024-01-26 16:37:41,121 INFO  [Log] Exit frame Successfully 
2024-01-26 16:37:44,156 INFO  [Log] Enter into frame successfully 
2024-01-26 16:37:49,272 INFO  [Log] Add Employee Successfully 
2024-01-26 16:37:52,289 INFO  [Log] Exit frame Successfully 
2024-01-26 16:37:56,017 INFO  [Log] Logout Successfully 
2024-01-26 16:38:00,505 INFO  [Log] Application Closed 
2024-01-26 18:26:37,300 INFO  [Log] Application opened 
2024-01-26 18:26:38,860 INFO  [Log] Login Successfully 
2024-01-26 18:26:39,188 INFO  [Log] Logout Successfully 
2024-01-26 18:26:41,093 INFO  [Log] Application Closed 
2024-01-26 21:57:53,256 INFO  [Log] Application opened 
2024-01-26 21:57:53,351 INFO  [Log] Application opened 
2024-01-26 21:57:56,260 INFO  [Log] Login Successfully 
2024-01-26 21:57:56,280 INFO  [Log] Login Successfully 
2024-01-26 21:57:56,629 INFO  [Log] Logout Successfully 
2024-01-26 21:57:56,664 INFO  [Log] Logout Successfully 
2024-01-26 21:57:58,838 INFO  [Log] Application Closed 
2024-01-26 21:57:59,060 INFO  [Log] Application Closed 
2024-01-26 21:58:05,148 INFO  [Log] Application opened 
2024-01-26 21:58:05,601 INFO  [Log] Application opened 
2024-01-26 21:58:10,031 INFO  [Log] Login Successfully 
2024-01-26 21:58:10,669 INFO  [Log] Login Successfully 
2024-01-26 21:58:20,587 INFO  [Log] Application opened 
2024-01-26 21:58:29,011 INFO  [Log] Application opened 
2024-01-26 21:58:33,755 INFO  [Log] Login Successfully 
2024-01-26 21:58:36,814 INFO  [Log] Enter into frame successfully 
2024-01-26 21:58:42,490 INFO  [Log] Add Employee Successfully 
2024-01-26 21:58:45,508 INFO  [Log] Exit frame Successfully 
2024-01-26 21:58:48,540 INFO  [Log] Enter into frame successfully 
2024-01-26 21:58:53,425 INFO  [Log] Add Employee Successfully 
2024-01-26 21:58:56,439 INFO  [Log] Exit frame Successfully 
2024-01-26 21:58:59,764 INFO  [Log] Logout Successfully 
2024-01-26 21:59:04,268 INFO  [Log] Application Closed 
